{"/Users/mistik/Desktop/projects/certification-tracker/src/setupTests.js": {"path":"/Users/mistik/Desktop/projects/certification-tracker/src/setupTests.js","statementMap":{"0":{"start":{"line":6,"column":0},"end":{"line":6,"column":38}},"1":{"start":{"line":8,"column":0},"end":{"line":16,"column":4}},"2":{"start":{"line":11,"column":4},"end":{"line":15,"column":6}}},"fnMap":{"0":{"name":"matchMedia","decl":{"start":{"line":10,"column":11},"end":{"line":10,"column":21}},"loc":{"start":{"line":10,"column":24},"end":{"line":16,"column":3}},"line":10}},"branchMap":{"0":{"loc":{"start":{"line":9,"column":2},"end":{"line":16,"column":3}},"type":"binary-expr","locations":[{"start":{"line":9,"column":2},"end":{"line":9,"column":19}},{"start":{"line":10,"column":2},"end":{"line":16,"column":3}}],"line":9}},"s":{"0":3,"1":3,"2":0},"f":{"0":0},"b":{"0":[3,3]},"_coverageSchema":"332fd63041d2c1bcb487cc26dd0d5f7d97098a6c","hash":"9cd70905a6052f5b3425298c9ac54fe4309005b4"}
,"/Users/mistik/Desktop/projects/certification-tracker/src/components/index.js": {"path":"/Users/mistik/Desktop/projects/certification-tracker/src/components/index.js","statementMap":{},"fnMap":{},"branchMap":{},"s":{},"f":{},"b":{},"_coverageSchema":"332fd63041d2c1bcb487cc26dd0d5f7d97098a6c","hash":"454372f7ed667514b0d5b24b0393648dca8f1429"}
,"/Users/mistik/Desktop/projects/certification-tracker/src/config/store.js": {"path":"/Users/mistik/Desktop/projects/certification-tracker/src/config/store.js","statementMap":{"0":{"start":{"line":1,"column":13},"end":{"line":1,"column":75}},"1":{"start":{"line":1,"column":88},"end":{"line":1,"column":104}},"2":{"start":{"line":2,"column":18},"end":{"line":2,"column":40}},"3":{"start":{"line":2,"column":60},"end":{"line":2,"column":95}},"4":{"start":{"line":3,"column":19},"end":{"line":3,"column":42}},"5":{"start":{"line":4,"column":24},"end":{"line":4,"column":53}},"6":{"start":{"line":6,"column":16},"end":{"line":6,"column":38}},"7":{"start":{"line":6,"column":56},"end":{"line":6,"column":89}},"8":{"start":{"line":6,"column":128},"end":{"line":6,"column":182}},"9":{"start":{"line":8,"column":23},"end":{"line":38,"column":1}},"10":{"start":{"line":9,"column":22},"end":{"line":9,"column":94}},"11":{"start":{"line":11,"column":2},"end":{"line":13,"column":3}},"12":{"start":{"line":12,"column":4},"end":{"line":12,"column":55}},"13":{"start":{"line":15,"column":19},"end":{"line":15,"column":64}},"14":{"start":{"line":17,"column":2},"end":{"line":25,"column":3}},"15":{"start":{"line":20,"column":4},"end":{"line":20,"column":80}},"16":{"start":{"line":21,"column":4},"end":{"line":23,"column":5}},"17":{"start":{"line":22,"column":6},"end":{"line":22,"column":34}},"18":{"start":{"line":27,"column":16},"end":{"line":27,"column":108}},"19":{"start":{"line":29,"column":2},"end":{"line":35,"column":3}},"20":{"start":{"line":30,"column":4},"end":{"line":34,"column":7}},"21":{"start":{"line":32,"column":30},"end":{"line":32,"column":60}},"22":{"start":{"line":33,"column":6},"end":{"line":33,"column":44}},"23":{"start":{"line":37,"column":2},"end":{"line":37,"column":15}},"24":{"start":{"line":38,"column":2},"end":{"line":40,"column":15}}},"fnMap":{"0":{"name":"_interopRequireDefault","decl":{"start":{"line":6,"column":99},"end":{"line":6,"column":121}},"loc":{"start":{"line":6,"column":127},"end":{"line":6,"column":183}},"line":6},"1":{"name":"(anonymous_1)","decl":{"start":{"line":8,"column":23},"end":{"line":8,"column":24}},"loc":{"start":{"line":8,"column":51},"end":{"line":38,"column":1}},"line":8},"2":{"name":"(anonymous_2)","decl":{"start":{"line":30,"column":37},"end":{"line":30,"column":38}},"loc":{"start":{"line":30,"column":43},"end":{"line":34,"column":5}},"line":30}},"branchMap":{"0":{"loc":{"start":{"line":6,"column":135},"end":{"line":6,"column":181}},"type":"cond-expr","locations":[{"start":{"line":6,"column":159},"end":{"line":6,"column":162}},{"start":{"line":6,"column":165},"end":{"line":6,"column":181}}],"line":6},"1":{"loc":{"start":{"line":6,"column":135},"end":{"line":6,"column":156}},"type":"binary-expr","locations":[{"start":{"line":6,"column":135},"end":{"line":6,"column":138}},{"start":{"line":6,"column":142},"end":{"line":6,"column":156}}],"line":6},"2":{"loc":{"start":{"line":11,"column":2},"end":{"line":13,"column":3}},"type":"if","locations":[{"start":{"line":11,"column":2},"end":{"line":13,"column":3}},{"start":{"line":11,"column":2},"end":{"line":13,"column":3}}],"line":11},"3":{"loc":{"start":{"line":17,"column":2},"end":{"line":25,"column":3}},"type":"if","locations":[{"start":{"line":17,"column":2},"end":{"line":25,"column":3}},{"start":{"line":17,"column":2},"end":{"line":25,"column":3}}],"line":17},"4":{"loc":{"start":{"line":20,"column":4},"end":{"line":20,"column":80}},"type":"binary-expr","locations":[{"start":{"line":20,"column":4},"end":{"line":20,"column":39}},{"start":{"line":20,"column":43},"end":{"line":20,"column":80}}],"line":20},"5":{"loc":{"start":{"line":21,"column":4},"end":{"line":23,"column":5}},"type":"if","locations":[{"start":{"line":21,"column":4},"end":{"line":23,"column":5}},{"start":{"line":21,"column":4},"end":{"line":23,"column":5}}],"line":21},"6":{"loc":{"start":{"line":29,"column":2},"end":{"line":35,"column":3}},"type":"if","locations":[{"start":{"line":29,"column":2},"end":{"line":35,"column":3}},{"start":{"line":29,"column":2},"end":{"line":35,"column":3}}],"line":29},"7":{"loc":{"start":{"line":29,"column":6},"end":{"line":29,"column":58}},"type":"binary-expr","locations":[{"start":{"line":29,"column":6},"end":{"line":29,"column":44}},{"start":{"line":29,"column":48},"end":{"line":29,"column":58}}],"line":29}},"s":{"0":0,"1":0,"2":0,"3":0,"4":0,"5":0,"6":0,"7":0,"8":0,"9":0,"10":0,"11":0,"12":0,"13":0,"14":0,"15":0,"16":0,"17":0,"18":0,"19":0,"20":0,"21":0,"22":0,"23":0,"24":0},"f":{"0":0,"1":0,"2":0},"b":{"0":[0,0],"1":[0,0],"2":[0,0],"3":[0,0],"4":[0,0],"5":[0,0],"6":[0,0],"7":[0,0]}}
,"/Users/mistik/Desktop/projects/certification-tracker/src/reducers/index.js": {"path":"/Users/mistik/Desktop/projects/certification-tracker/src/reducers/index.js","statementMap":{"0":{"start":{"line":1,"column":13},"end":{"line":1,"column":75}},"1":{"start":{"line":1,"column":88},"end":{"line":1,"column":104}},"2":{"start":{"line":2,"column":24},"end":{"line":2,"column":53}},"3":{"start":{"line":3,"column":17},"end":{"line":3,"column":38}},"4":{"start":{"line":3,"column":39},"end":{"line":7,"column":30}}},"fnMap":{},"branchMap":{},"s":{"0":0,"1":0,"2":0,"3":0,"4":0},"f":{},"b":{}}
,"/Users/mistik/Desktop/projects/certification-tracker/src/utilities/validation.js": {"path":"/Users/mistik/Desktop/projects/certification-tracker/src/utilities/validation.js","statementMap":{"0":{"start":{"line":1,"column":13},"end":{"line":1,"column":75}},"1":{"start":{"line":2,"column":17},"end":{"line":2,"column":83}},"2":{"start":{"line":2,"column":45},"end":{"line":2,"column":83}},"3":{"start":{"line":3,"column":14},"end":{"line":4,"column":95}},"4":{"start":{"line":4,"column":0},"end":{"line":4,"column":95}}},"fnMap":{"0":{"name":"(anonymous_0)","decl":{"start":{"line":2,"column":36},"end":{"line":2,"column":37}},"loc":{"start":{"line":2,"column":45},"end":{"line":2,"column":83}},"line":2},"1":{"name":"(anonymous_1)","decl":{"start":{"line":3,"column":30},"end":{"line":3,"column":31}},"loc":{"start":{"line":4,"column":0},"end":{"line":4,"column":95}},"line":4}},"branchMap":{"0":{"loc":{"start":{"line":2,"column":45},"end":{"line":2,"column":83}},"type":"cond-expr","locations":[{"start":{"line":2,"column":61},"end":{"line":2,"column":71}},{"start":{"line":2,"column":74},"end":{"line":2,"column":83}}],"line":2},"1":{"loc":{"start":{"line":4,"column":0},"end":{"line":4,"column":95}},"type":"cond-expr","locations":[{"start":{"line":4,"column":68},"end":{"line":4,"column":83}},{"start":{"line":4,"column":86},"end":{"line":4,"column":95}}],"line":4},"2":{"loc":{"start":{"line":4,"column":0},"end":{"line":4,"column":65}},"type":"binary-expr","locations":[{"start":{"line":4,"column":0},"end":{"line":4,"column":5}},{"start":{"line":4,"column":9},"end":{"line":4,"column":65}}],"line":4}},"s":{"0":0,"1":0,"2":0,"3":0,"4":0},"f":{"0":0,"1":0},"b":{"0":[0,0],"1":[0,0],"2":[0,0]}}
}
