{"/Users/mistik/Desktop/projects/certification-tracker/src/setupTests.js": {"path":"/Users/mistik/Desktop/projects/certification-tracker/src/setupTests.js","statementMap":{"0":{"start":{"line":6,"column":0},"end":{"line":6,"column":38}},"1":{"start":{"line":8,"column":0},"end":{"line":16,"column":4}},"2":{"start":{"line":11,"column":4},"end":{"line":15,"column":6}}},"fnMap":{"0":{"name":"matchMedia","decl":{"start":{"line":10,"column":11},"end":{"line":10,"column":21}},"loc":{"start":{"line":10,"column":24},"end":{"line":16,"column":3}},"line":10}},"branchMap":{"0":{"loc":{"start":{"line":9,"column":2},"end":{"line":16,"column":3}},"type":"binary-expr","locations":[{"start":{"line":9,"column":2},"end":{"line":9,"column":19}},{"start":{"line":10,"column":2},"end":{"line":16,"column":3}}],"line":9}},"s":{"0":4,"1":4,"2":0},"f":{"0":0},"b":{"0":[4,4]},"_coverageSchema":"332fd63041d2c1bcb487cc26dd0d5f7d97098a6c","hash":"9cd70905a6052f5b3425298c9ac54fe4309005b4"}
,"/Users/mistik/Desktop/projects/certification-tracker/src/components/content/index.js": {"path":"/Users/mistik/Desktop/projects/certification-tracker/src/components/content/index.js","statementMap":{},"fnMap":{},"branchMap":{},"s":{},"f":{},"b":{},"_coverageSchema":"332fd63041d2c1bcb487cc26dd0d5f7d97098a6c","hash":"7e54ad9bf8a4d0ec0a4c0e8f897efa12caea5d32"}
,"/Users/mistik/Desktop/projects/certification-tracker/src/components/content/view/contentView.js": {"path":"/Users/mistik/Desktop/projects/certification-tracker/src/components/content/view/contentView.js","statementMap":{"0":{"start":{"line":7,"column":4},"end":{"line":7,"column":17}},"1":{"start":{"line":9,"column":4},"end":{"line":9,"column":20}},"2":{"start":{"line":13,"column":4},"end":{"line":17,"column":6}}},"fnMap":{"0":{"name":"(anonymous_0)","decl":{"start":{"line":6,"column":2},"end":{"line":6,"column":3}},"loc":{"start":{"line":6,"column":21},"end":{"line":10,"column":3}},"line":6},"1":{"name":"(anonymous_1)","decl":{"start":{"line":12,"column":2},"end":{"line":12,"column":3}},"loc":{"start":{"line":12,"column":11},"end":{"line":18,"column":3}},"line":12}},"branchMap":{},"s":{"0":1,"1":1,"2":1},"f":{"0":1,"1":1},"b":{},"_coverageSchema":"332fd63041d2c1bcb487cc26dd0d5f7d97098a6c","hash":"07752aa9b15dc4f83a068556da74fabf36cee166"}
,"/Users/mistik/Desktop/projects/certification-tracker/src/components/example/index.js": {"path":"/Users/mistik/Desktop/projects/certification-tracker/src/components/example/index.js","statementMap":{},"fnMap":{},"branchMap":{},"s":{},"f":{},"b":{},"_coverageSchema":"332fd63041d2c1bcb487cc26dd0d5f7d97098a6c","hash":"2d17378949fc22c39c6eac5de03bb9eb3c041bf0"}
,"/Users/mistik/Desktop/projects/certification-tracker/src/components/example/container/exampleContainer.js": {"path":"/Users/mistik/Desktop/projects/certification-tracker/src/components/example/container/exampleContainer.js","statementMap":{},"fnMap":{},"branchMap":{},"s":{},"f":{},"b":{}}
,"/Users/mistik/Desktop/projects/certification-tracker/src/components/example/view/exampleView.js": {"path":"/Users/mistik/Desktop/projects/certification-tracker/src/components/example/view/exampleView.js","statementMap":{"0":{"start":{"line":6,"column":4},"end":{"line":6,"column":17}},"1":{"start":{"line":8,"column":4},"end":{"line":8,"column":20}},"2":{"start":{"line":12,"column":4},"end":{"line":16,"column":6}}},"fnMap":{"0":{"name":"(anonymous_0)","decl":{"start":{"line":5,"column":2},"end":{"line":5,"column":3}},"loc":{"start":{"line":5,"column":21},"end":{"line":9,"column":3}},"line":5},"1":{"name":"(anonymous_1)","decl":{"start":{"line":11,"column":2},"end":{"line":11,"column":3}},"loc":{"start":{"line":11,"column":11},"end":{"line":17,"column":3}},"line":11}},"branchMap":{},"s":{"0":0,"1":0,"2":0},"f":{"0":0,"1":0},"b":{},"_coverageSchema":"332fd63041d2c1bcb487cc26dd0d5f7d97098a6c","hash":"0ca4ec18fba68b07c7b58448d93647df5b3bc76c"}
,"/Users/mistik/Desktop/projects/certification-tracker/src/components/menu/index.js": {"path":"/Users/mistik/Desktop/projects/certification-tracker/src/components/menu/index.js","statementMap":{},"fnMap":{},"branchMap":{},"s":{},"f":{},"b":{},"_coverageSchema":"332fd63041d2c1bcb487cc26dd0d5f7d97098a6c","hash":"f9f7125618bcb5508adec36daed0a7ca0250057f"}
,"/Users/mistik/Desktop/projects/certification-tracker/src/components/menu/view/menuView.js": {"path":"/Users/mistik/Desktop/projects/certification-tracker/src/components/menu/view/menuView.js","statementMap":{"0":{"start":{"line":17,"column":20},"end":{"line":17,"column":23}},"1":{"start":{"line":19,"column":15},"end":{"line":52,"column":2}},"2":{"start":{"line":19,"column":25},"end":{"line":52,"column":1}},"3":{"start":{"line":60,"column":4},"end":{"line":60,"column":58}},"4":{"start":{"line":64,"column":31},"end":{"line":64,"column":41}},"5":{"start":{"line":67,"column":6},"end":{"line":73,"column":12}},"6":{"start":{"line":76,"column":4},"end":{"line":122,"column":6}},"7":{"start":{"line":126,"column":0},"end":{"line":129,"column":2}}},"fnMap":{"0":{"name":"(anonymous_0)","decl":{"start":{"line":19,"column":15},"end":{"line":19,"column":16}},"loc":{"start":{"line":19,"column":25},"end":{"line":52,"column":1}},"line":19},"1":{"name":"(anonymous_1)","decl":{"start":{"line":59,"column":23},"end":{"line":59,"column":24}},"loc":{"start":{"line":59,"column":29},"end":{"line":61,"column":3}},"line":59},"2":{"name":"(anonymous_2)","decl":{"start":{"line":63,"column":2},"end":{"line":63,"column":3}},"loc":{"start":{"line":63,"column":11},"end":{"line":123,"column":3}},"line":63}},"branchMap":{"0":{"loc":{"start":{"line":96,"column":20},"end":{"line":96,"column":64}},"type":"cond-expr","locations":[{"start":{"line":96,"column":48},"end":{"line":96,"column":55}},{"start":{"line":96,"column":58},"end":{"line":96,"column":64}}],"line":96}},"s":{"0":3,"1":3,"2":1,"3":0,"4":0,"5":0,"6":0,"7":3},"f":{"0":1,"1":0,"2":0},"b":{"0":[0,0]},"_coverageSchema":"332fd63041d2c1bcb487cc26dd0d5f7d97098a6c","hash":"6df95c54ef41e94a94074681b231b06889f939b0"}
,"/Users/mistik/Desktop/projects/certification-tracker/src/components/menuList/index.js": {"path":"/Users/mistik/Desktop/projects/certification-tracker/src/components/menuList/index.js","statementMap":{"0":{"start":{"line":1,"column":13},"end":{"line":1,"column":75}},"1":{"start":{"line":1,"column":95},"end":{"line":1,"column":125}},"2":{"start":{"line":1,"column":147},"end":{"line":1,"column":184}},"3":{"start":{"line":1,"column":223},"end":{"line":1,"column":277}},"4":{"start":{"line":1,"column":278},"end":{"line":3,"column":42}}},"fnMap":{"0":{"name":"_interopRequireDefault","decl":{"start":{"line":1,"column":194},"end":{"line":1,"column":216}},"loc":{"start":{"line":1,"column":222},"end":{"line":1,"column":278}},"line":1}},"branchMap":{"0":{"loc":{"start":{"line":1,"column":230},"end":{"line":1,"column":276}},"type":"cond-expr","locations":[{"start":{"line":1,"column":254},"end":{"line":1,"column":257}},{"start":{"line":1,"column":260},"end":{"line":1,"column":276}}],"line":1},"1":{"loc":{"start":{"line":1,"column":230},"end":{"line":1,"column":251}},"type":"binary-expr","locations":[{"start":{"line":1,"column":230},"end":{"line":1,"column":233}},{"start":{"line":1,"column":237},"end":{"line":1,"column":251}}],"line":1}},"s":{"0":0,"1":0,"2":0,"3":0,"4":0},"f":{"0":0},"b":{"0":[0,0],"1":[0,0]}}
,"/Users/mistik/Desktop/projects/certification-tracker/src/components/menuList/view/menuListView.js": {"path":"/Users/mistik/Desktop/projects/certification-tracker/src/components/menuList/view/menuListView.js","statementMap":{"0":{"start":{"line":17,"column":2},"end":{"line":62,"column":8}},"1":{"start":{"line":66,"column":2},"end":{"line":93,"column":8}}},"fnMap":{},"branchMap":{},"s":{"0":3,"1":3},"f":{},"b":{},"_coverageSchema":"332fd63041d2c1bcb487cc26dd0d5f7d97098a6c","hash":"d37fdb106219d616e6226324a27a4e59082aa741"}
,"/Users/mistik/Desktop/projects/certification-tracker/src/config/store.js": {"path":"/Users/mistik/Desktop/projects/certification-tracker/src/config/store.js","statementMap":{"0":{"start":{"line":1,"column":13},"end":{"line":1,"column":75}},"1":{"start":{"line":1,"column":88},"end":{"line":1,"column":104}},"2":{"start":{"line":2,"column":18},"end":{"line":2,"column":40}},"3":{"start":{"line":2,"column":60},"end":{"line":2,"column":95}},"4":{"start":{"line":3,"column":19},"end":{"line":3,"column":42}},"5":{"start":{"line":4,"column":24},"end":{"line":4,"column":53}},"6":{"start":{"line":6,"column":16},"end":{"line":6,"column":38}},"7":{"start":{"line":6,"column":56},"end":{"line":6,"column":89}},"8":{"start":{"line":6,"column":128},"end":{"line":6,"column":182}},"9":{"start":{"line":8,"column":23},"end":{"line":38,"column":1}},"10":{"start":{"line":9,"column":22},"end":{"line":9,"column":94}},"11":{"start":{"line":11,"column":2},"end":{"line":13,"column":3}},"12":{"start":{"line":12,"column":4},"end":{"line":12,"column":55}},"13":{"start":{"line":15,"column":19},"end":{"line":15,"column":64}},"14":{"start":{"line":17,"column":2},"end":{"line":25,"column":3}},"15":{"start":{"line":20,"column":4},"end":{"line":20,"column":80}},"16":{"start":{"line":21,"column":4},"end":{"line":23,"column":5}},"17":{"start":{"line":22,"column":6},"end":{"line":22,"column":34}},"18":{"start":{"line":27,"column":16},"end":{"line":27,"column":108}},"19":{"start":{"line":29,"column":2},"end":{"line":35,"column":3}},"20":{"start":{"line":30,"column":4},"end":{"line":34,"column":7}},"21":{"start":{"line":32,"column":30},"end":{"line":32,"column":60}},"22":{"start":{"line":33,"column":6},"end":{"line":33,"column":44}},"23":{"start":{"line":37,"column":2},"end":{"line":37,"column":15}},"24":{"start":{"line":38,"column":2},"end":{"line":40,"column":15}}},"fnMap":{"0":{"name":"_interopRequireDefault","decl":{"start":{"line":6,"column":99},"end":{"line":6,"column":121}},"loc":{"start":{"line":6,"column":127},"end":{"line":6,"column":183}},"line":6},"1":{"name":"(anonymous_1)","decl":{"start":{"line":8,"column":23},"end":{"line":8,"column":24}},"loc":{"start":{"line":8,"column":51},"end":{"line":38,"column":1}},"line":8},"2":{"name":"(anonymous_2)","decl":{"start":{"line":30,"column":37},"end":{"line":30,"column":38}},"loc":{"start":{"line":30,"column":43},"end":{"line":34,"column":5}},"line":30}},"branchMap":{"0":{"loc":{"start":{"line":6,"column":135},"end":{"line":6,"column":181}},"type":"cond-expr","locations":[{"start":{"line":6,"column":159},"end":{"line":6,"column":162}},{"start":{"line":6,"column":165},"end":{"line":6,"column":181}}],"line":6},"1":{"loc":{"start":{"line":6,"column":135},"end":{"line":6,"column":156}},"type":"binary-expr","locations":[{"start":{"line":6,"column":135},"end":{"line":6,"column":138}},{"start":{"line":6,"column":142},"end":{"line":6,"column":156}}],"line":6},"2":{"loc":{"start":{"line":11,"column":2},"end":{"line":13,"column":3}},"type":"if","locations":[{"start":{"line":11,"column":2},"end":{"line":13,"column":3}},{"start":{"line":11,"column":2},"end":{"line":13,"column":3}}],"line":11},"3":{"loc":{"start":{"line":17,"column":2},"end":{"line":25,"column":3}},"type":"if","locations":[{"start":{"line":17,"column":2},"end":{"line":25,"column":3}},{"start":{"line":17,"column":2},"end":{"line":25,"column":3}}],"line":17},"4":{"loc":{"start":{"line":20,"column":4},"end":{"line":20,"column":80}},"type":"binary-expr","locations":[{"start":{"line":20,"column":4},"end":{"line":20,"column":39}},{"start":{"line":20,"column":43},"end":{"line":20,"column":80}}],"line":20},"5":{"loc":{"start":{"line":21,"column":4},"end":{"line":23,"column":5}},"type":"if","locations":[{"start":{"line":21,"column":4},"end":{"line":23,"column":5}},{"start":{"line":21,"column":4},"end":{"line":23,"column":5}}],"line":21},"6":{"loc":{"start":{"line":29,"column":2},"end":{"line":35,"column":3}},"type":"if","locations":[{"start":{"line":29,"column":2},"end":{"line":35,"column":3}},{"start":{"line":29,"column":2},"end":{"line":35,"column":3}}],"line":29},"7":{"loc":{"start":{"line":29,"column":6},"end":{"line":29,"column":58}},"type":"binary-expr","locations":[{"start":{"line":29,"column":6},"end":{"line":29,"column":44}},{"start":{"line":29,"column":48},"end":{"line":29,"column":58}}],"line":29}},"s":{"0":0,"1":0,"2":0,"3":0,"4":0,"5":0,"6":0,"7":0,"8":0,"9":0,"10":0,"11":0,"12":0,"13":0,"14":0,"15":0,"16":0,"17":0,"18":0,"19":0,"20":0,"21":0,"22":0,"23":0,"24":0},"f":{"0":0,"1":0,"2":0},"b":{"0":[0,0],"1":[0,0],"2":[0,0],"3":[0,0],"4":[0,0],"5":[0,0],"6":[0,0],"7":[0,0]}}
,"/Users/mistik/Desktop/projects/certification-tracker/src/pages/index.js": {"path":"/Users/mistik/Desktop/projects/certification-tracker/src/pages/index.js","statementMap":{},"fnMap":{},"branchMap":{},"s":{},"f":{},"b":{},"_coverageSchema":"332fd63041d2c1bcb487cc26dd0d5f7d97098a6c","hash":"ef983780595b1a5e0f1ec9aefcc9e673fe111863"}
,"/Users/mistik/Desktop/projects/certification-tracker/src/pages/application/applicationView.js": {"path":"/Users/mistik/Desktop/projects/certification-tracker/src/pages/application/applicationView.js","statementMap":{"0":{"start":{"line":15,"column":4},"end":{"line":15,"column":17}},"1":{"start":{"line":17,"column":4},"end":{"line":17,"column":20}},"2":{"start":{"line":21,"column":4},"end":{"line":31,"column":6}}},"fnMap":{"0":{"name":"(anonymous_0)","decl":{"start":{"line":14,"column":2},"end":{"line":14,"column":3}},"loc":{"start":{"line":14,"column":21},"end":{"line":18,"column":3}},"line":14},"1":{"name":"(anonymous_1)","decl":{"start":{"line":20,"column":2},"end":{"line":20,"column":3}},"loc":{"start":{"line":20,"column":11},"end":{"line":32,"column":3}},"line":20}},"branchMap":{},"s":{"0":1,"1":1,"2":1},"f":{"0":1,"1":1},"b":{},"_coverageSchema":"332fd63041d2c1bcb487cc26dd0d5f7d97098a6c","hash":"d21565c00325179c4753f320ffee3125c174b885"}
,"/Users/mistik/Desktop/projects/certification-tracker/src/pages/application/materialTheme.js": {"path":"/Users/mistik/Desktop/projects/certification-tracker/src/pages/application/materialTheme.js","statementMap":{"0":{"start":{"line":5,"column":21},"end":{"line":20,"column":2}}},"fnMap":{},"branchMap":{},"s":{"0":1},"f":{},"b":{},"_coverageSchema":"332fd63041d2c1bcb487cc26dd0d5f7d97098a6c","hash":"79cea988701fddecd068c38189359165cbbdb8ed"}
,"/Users/mistik/Desktop/projects/certification-tracker/src/pages/home/index.js": {"path":"/Users/mistik/Desktop/projects/certification-tracker/src/pages/home/index.js","statementMap":{},"fnMap":{},"branchMap":{},"s":{},"f":{},"b":{},"_coverageSchema":"332fd63041d2c1bcb487cc26dd0d5f7d97098a6c","hash":"4eefa44c7507a9cfa11041ebe956a58b233cc36b"}
,"/Users/mistik/Desktop/projects/certification-tracker/src/pages/home/container/homeContainer.js": {"path":"/Users/mistik/Desktop/projects/certification-tracker/src/pages/home/container/homeContainer.js","statementMap":{"0":{"start":{"line":7,"column":4},"end":{"line":7,"column":17}},"1":{"start":{"line":9,"column":4},"end":{"line":9,"column":20}},"2":{"start":{"line":13,"column":4},"end":{"line":13,"column":24}}},"fnMap":{"0":{"name":"(anonymous_0)","decl":{"start":{"line":6,"column":2},"end":{"line":6,"column":3}},"loc":{"start":{"line":6,"column":21},"end":{"line":10,"column":3}},"line":6},"1":{"name":"(anonymous_1)","decl":{"start":{"line":12,"column":2},"end":{"line":12,"column":3}},"loc":{"start":{"line":12,"column":11},"end":{"line":14,"column":3}},"line":12}},"branchMap":{},"s":{"0":0,"1":0,"2":0},"f":{"0":0,"1":0},"b":{},"_coverageSchema":"332fd63041d2c1bcb487cc26dd0d5f7d97098a6c","hash":"eecafb7391f54123d2ff15d2b111b56cc5adf853"}
,"/Users/mistik/Desktop/projects/certification-tracker/src/pages/home/view/homeView.js": {"path":"/Users/mistik/Desktop/projects/certification-tracker/src/pages/home/view/homeView.js","statementMap":{"0":{"start":{"line":7,"column":4},"end":{"line":7,"column":17}},"1":{"start":{"line":9,"column":4},"end":{"line":9,"column":20}},"2":{"start":{"line":13,"column":4},"end":{"line":13,"column":27}}},"fnMap":{"0":{"name":"(anonymous_0)","decl":{"start":{"line":6,"column":2},"end":{"line":6,"column":3}},"loc":{"start":{"line":6,"column":21},"end":{"line":10,"column":3}},"line":6},"1":{"name":"(anonymous_1)","decl":{"start":{"line":12,"column":2},"end":{"line":12,"column":3}},"loc":{"start":{"line":12,"column":11},"end":{"line":14,"column":3}},"line":12}},"branchMap":{},"s":{"0":1,"1":1,"2":1},"f":{"0":1,"1":1},"b":{},"_coverageSchema":"332fd63041d2c1bcb487cc26dd0d5f7d97098a6c","hash":"bac47cc020dae941468362c84c2a4c6328f3c6f2"}
,"/Users/mistik/Desktop/projects/certification-tracker/src/pages/pageOne/index.js": {"path":"/Users/mistik/Desktop/projects/certification-tracker/src/pages/pageOne/index.js","statementMap":{},"fnMap":{},"branchMap":{},"s":{},"f":{},"b":{},"_coverageSchema":"332fd63041d2c1bcb487cc26dd0d5f7d97098a6c","hash":"e87af984bbdb5d1131ba7b9c381943759c6532ae"}
,"/Users/mistik/Desktop/projects/certification-tracker/src/pages/pageOne/container/pageOneContainer.js": {"path":"/Users/mistik/Desktop/projects/certification-tracker/src/pages/pageOne/container/pageOneContainer.js","statementMap":{"0":{"start":{"line":7,"column":4},"end":{"line":7,"column":17}},"1":{"start":{"line":9,"column":4},"end":{"line":9,"column":20}},"2":{"start":{"line":13,"column":4},"end":{"line":13,"column":27}}},"fnMap":{"0":{"name":"(anonymous_0)","decl":{"start":{"line":6,"column":2},"end":{"line":6,"column":3}},"loc":{"start":{"line":6,"column":21},"end":{"line":10,"column":3}},"line":6},"1":{"name":"(anonymous_1)","decl":{"start":{"line":12,"column":2},"end":{"line":12,"column":3}},"loc":{"start":{"line":12,"column":11},"end":{"line":14,"column":3}},"line":12}},"branchMap":{},"s":{"0":0,"1":0,"2":0},"f":{"0":0,"1":0},"b":{},"_coverageSchema":"332fd63041d2c1bcb487cc26dd0d5f7d97098a6c","hash":"e6756bcd7b5d83dde144a89e2735fbbf5006c61b"}
,"/Users/mistik/Desktop/projects/certification-tracker/src/pages/pageOne/view/pageOneView.js": {"path":"/Users/mistik/Desktop/projects/certification-tracker/src/pages/pageOne/view/pageOneView.js","statementMap":{"0":{"start":{"line":7,"column":4},"end":{"line":7,"column":17}},"1":{"start":{"line":9,"column":4},"end":{"line":9,"column":20}},"2":{"start":{"line":13,"column":4},"end":{"line":24,"column":6}}},"fnMap":{"0":{"name":"(anonymous_0)","decl":{"start":{"line":6,"column":2},"end":{"line":6,"column":3}},"loc":{"start":{"line":6,"column":21},"end":{"line":10,"column":3}},"line":6},"1":{"name":"(anonymous_1)","decl":{"start":{"line":12,"column":2},"end":{"line":12,"column":3}},"loc":{"start":{"line":12,"column":11},"end":{"line":25,"column":3}},"line":12}},"branchMap":{},"s":{"0":0,"1":0,"2":0},"f":{"0":0,"1":0},"b":{},"_coverageSchema":"332fd63041d2c1bcb487cc26dd0d5f7d97098a6c","hash":"31735498c98ac78e95d68e190ba3363408bf08a0"}
,"/Users/mistik/Desktop/projects/certification-tracker/src/pages/pageTwo/index.js": {"path":"/Users/mistik/Desktop/projects/certification-tracker/src/pages/pageTwo/index.js","statementMap":{},"fnMap":{},"branchMap":{},"s":{},"f":{},"b":{},"_coverageSchema":"332fd63041d2c1bcb487cc26dd0d5f7d97098a6c","hash":"0887f16e3d253f814d596187b744140f7a7e91cd"}
,"/Users/mistik/Desktop/projects/certification-tracker/src/pages/pageTwo/container/pageTwoContainer.js": {"path":"/Users/mistik/Desktop/projects/certification-tracker/src/pages/pageTwo/container/pageTwoContainer.js","statementMap":{"0":{"start":{"line":7,"column":4},"end":{"line":7,"column":17}},"1":{"start":{"line":9,"column":4},"end":{"line":9,"column":20}},"2":{"start":{"line":13,"column":4},"end":{"line":13,"column":27}}},"fnMap":{"0":{"name":"(anonymous_0)","decl":{"start":{"line":6,"column":2},"end":{"line":6,"column":3}},"loc":{"start":{"line":6,"column":21},"end":{"line":10,"column":3}},"line":6},"1":{"name":"(anonymous_1)","decl":{"start":{"line":12,"column":2},"end":{"line":12,"column":3}},"loc":{"start":{"line":12,"column":11},"end":{"line":14,"column":3}},"line":12}},"branchMap":{},"s":{"0":0,"1":0,"2":0},"f":{"0":0,"1":0},"b":{},"_coverageSchema":"332fd63041d2c1bcb487cc26dd0d5f7d97098a6c","hash":"b17e605115653a86749c1b90a894260afd91c3e8"}
,"/Users/mistik/Desktop/projects/certification-tracker/src/pages/pageTwo/view/pageTwoView.js": {"path":"/Users/mistik/Desktop/projects/certification-tracker/src/pages/pageTwo/view/pageTwoView.js","statementMap":{"0":{"start":{"line":7,"column":4},"end":{"line":7,"column":17}},"1":{"start":{"line":9,"column":4},"end":{"line":9,"column":20}},"2":{"start":{"line":13,"column":4},"end":{"line":18,"column":6}}},"fnMap":{"0":{"name":"(anonymous_0)","decl":{"start":{"line":6,"column":2},"end":{"line":6,"column":3}},"loc":{"start":{"line":6,"column":21},"end":{"line":10,"column":3}},"line":6},"1":{"name":"(anonymous_1)","decl":{"start":{"line":12,"column":2},"end":{"line":12,"column":3}},"loc":{"start":{"line":12,"column":11},"end":{"line":19,"column":3}},"line":12}},"branchMap":{},"s":{"0":0,"1":0,"2":0},"f":{"0":0,"1":0},"b":{},"_coverageSchema":"332fd63041d2c1bcb487cc26dd0d5f7d97098a6c","hash":"3a4ae1db61b413701137e9d2046cc761c4451107"}
,"/Users/mistik/Desktop/projects/certification-tracker/src/reducers/index.js": {"path":"/Users/mistik/Desktop/projects/certification-tracker/src/reducers/index.js","statementMap":{"0":{"start":{"line":1,"column":13},"end":{"line":1,"column":75}},"1":{"start":{"line":1,"column":88},"end":{"line":1,"column":104}},"2":{"start":{"line":2,"column":24},"end":{"line":2,"column":53}},"3":{"start":{"line":2,"column":54},"end":{"line":5,"column":45}}},"fnMap":{},"branchMap":{},"s":{"0":0,"1":0,"2":0,"3":0},"f":{},"b":{}}
}
